2024-05-07T14:19:02.644Z 0: 

----------------------------------------------
2024-05-07T14:19:02.671Z 1: Discord starting: {"releaseChannel":"stable","version":"0.0.53"}, modulepath: /home/charlie/.config/discord/0.0.53/modules
2024-05-07T14:19:02.690Z 2: ✅ webContents.created web1 ""
2024-05-07T14:19:02.702Z 3: ✅ window.created win1 "discord"
2024-05-07T14:19:02.984Z 4: ✅ webContents.did-finish-load web1
2024-05-07T14:19:13.679Z 5: ✅ webContents.created web2 ""
2024-05-07T14:19:13.742Z 6: ✅ window.created win2 "Discord"
2024-05-07T14:19:20.087Z 7: ✅ webContents.did-finish-load web2
2024-05-07T14:19:20.188Z 8: window.close win1
2024-05-07T14:19:20.271Z 9: webContents.destroyed web1
2024-05-07T14:19:20.288Z 10: window.closed win1
2024-05-07T14:20:02.220Z 11: window.close win2
2024-05-07T14:23:39.865Z 0: 

----------------------------------------------
2024-05-07T14:23:39.904Z 1: Discord starting: {"releaseChannel":"stable","version":"0.0.53"}, modulepath: /home/charlie/.config/discord/0.0.53/modules
2024-05-07T14:23:39.910Z 2: ✅ webContents.created web1 ""
2024-05-07T14:23:39.914Z 3: ✅ window.created win1 "discord"
2024-05-07T14:23:40.163Z 4: ✅ webContents.did-finish-load web1
2024-05-07T14:23:40.509Z 5: ✅ webContents.created web2 ""
2024-05-07T14:23:40.545Z 6: ✅ window.created win2 "Discord"
2024-05-07T14:23:44.317Z 7: ✅ webContents.did-finish-load web2
2024-05-07T14:23:44.413Z 8: window.close win1
2024-05-07T14:23:44.441Z 9: webContents.destroyed web1
2024-05-07T14:23:44.448Z 10: window.closed win1
2024-05-07T14:23:50.938Z 0: 

----------------------------------------------
2024-05-07T14:23:50.961Z 1: Discord starting: {"releaseChannel":"stable","version":"0.0.53"}, modulepath: /home/charlie/.config/discord/0.0.53/modules
2024-05-07T14:23:56.954Z 11: window.close win2
2024-05-07T14:23:59.181Z 0: 

----------------------------------------------
2024-05-07T14:23:59.227Z 1: Discord starting: {"releaseChannel":"stable","version":"0.0.53"}, modulepath: /home/charlie/.config/discord/0.0.53/modules
2024-05-07T14:24:01.414Z 0: 

----------------------------------------------
2024-05-07T14:24:01.445Z 1: Discord starting: {"releaseChannel":"stable","version":"0.0.53"}, modulepath: /home/charlie/.config/discord/0.0.53/modules
2024-05-07T14:24:03.172Z 12: window.close win2
2024-05-07T14:24:04.258Z 0: 

----------------------------------------------
2024-05-07T14:24:04.285Z 1: Discord starting: {"releaseChannel":"stable","version":"0.0.53"}, modulepath: /home/charlie/.config/discord/0.0.53/modules
2024-05-07T14:24:05.077Z 13: window.close win2
2024-05-07T14:24:10.106Z 0: 

----------------------------------------------
2024-05-07T14:24:18.190Z 14: window.close win2
2024-05-07T14:24:19.995Z 0: 

----------------------------------------------
2024-05-07T14:24:20.057Z 1: Discord starting: {"releaseChannel":"stable","version":"0.0.53"}, modulepath: /home/charlie/.config/discord/0.0.53/modules
2024-05-07T14:27:58.108Z 15: window.close win2
2024-05-07T14:29:43.281Z 16: before-quit
2024-05-07T17:39:28.918Z 0: 

----------------------------------------------
2024-05-07T17:39:28.944Z 1: Discord starting: {"releaseChannel":"stable","version":"0.0.53"}, modulepath: /home/charlie/.config/discord/0.0.53/modules
2024-05-07T17:39:28.977Z 2: ✅ webContents.created web1 ""
2024-05-07T17:39:28.989Z 3: ✅ window.created win1 "discord"
2024-05-07T17:39:29.317Z 4: ✅ webContents.did-finish-load web1
2024-05-07T17:39:29.651Z 5: ✅ webContents.created web2 ""
2024-05-07T17:39:29.672Z 6: ✅ window.created win2 "Discord"
2024-05-07T17:39:33.114Z 7: ✅ webContents.did-finish-load web2
2024-05-07T17:39:33.213Z 8: window.close win1
2024-05-07T17:39:33.285Z 9: webContents.destroyed web1
2024-05-07T17:39:33.290Z 10: window.closed win1
2024-05-07T17:40:12.577Z 11: window.close win2
2024-05-07T19:09:08.801Z 0: 

----------------------------------------------
2024-05-07T19:09:08.879Z 1: Discord starting: {"releaseChannel":"stable","version":"0.0.53"}, modulepath: /home/charlie/.config/discord/0.0.53/modules
2024-05-07T19:09:14.206Z 12: window.close win2
2024-05-07T19:10:25.603Z 0: 

----------------------------------------------
2024-05-07T19:10:25.674Z 1: Discord starting: {"releaseChannel":"stable","version":"0.0.53"}, modulepath: /home/charlie/.config/discord/0.0.53/modules
2024-05-07T19:10:55.320Z 13: window.close win2
2024-05-07T19:11:48.095Z 0: 

----------------------------------------------
2024-05-07T19:11:48.129Z 1: Discord starting: {"releaseChannel":"stable","version":"0.0.53"}, modulepath: /home/charlie/.config/discord/0.0.53/modules
